[debug] [2021-09-15T21:16:47.207Z] ----------------------------------------------------------------------
[debug] [2021-09-15T21:16:47.209Z] Command:       C:\Program Files\nodejs\node.exe C:\Users\yuvra\AppData\Roaming\npm\node_modules\firebase-tools\lib\bin\firebase.js init
[debug] [2021-09-15T21:16:47.209Z] CLI Version:   9.18.0
[debug] [2021-09-15T21:16:47.209Z] Platform:      win32
[debug] [2021-09-15T21:16:47.209Z] Node Version:  v14.17.6
[debug] [2021-09-15T21:16:47.210Z] Time:          Wed Sep 15 2021 16:16:47 GMT-0500 (Central Daylight Time)
[debug] [2021-09-15T21:16:47.210Z] ----------------------------------------------------------------------
[debug] 
[debug] [2021-09-15T21:16:47.215Z] > command requires scopes: ["email","openid","https://www.googleapis.com/auth/cloudplatformprojects.readonly","https://www.googleapis.com/auth/firebase","https://www.googleapis.com/auth/cloud-platform"]
[debug] [2021-09-15T21:16:47.216Z] > authorizing via signed-in user (yuvrajkhullar4@gmail.com)
[info] 
     ######## #### ########  ######## ########     ###     ######  ########
     ##        ##  ##     ## ##       ##     ##  ##   ##  ##       ##
     ######    ##  ########  ######   ########  #########  ######  ######
     ##        ##  ##    ##  ##       ##     ## ##     ##       ## ##
     ##       #### ##     ## ######## ########  ##     ##  ######  ########

You're about to initialize a Firebase project in this directory:

  C:\Users\yuvra\Downloads\happy-birthday-master\happy-birthday-master

[info] 
=== Project Setup
[info] 
[info] First, let's associate this project directory with a Firebase project.
[info] You can create multiple project aliases by running firebase use --add, 
[info] but for now we'll just set up a default project.
[info] 
[debug] [2021-09-15T21:16:58.117Z] >>> [apiv2][query] GET https://firebase.googleapis.com/v1beta1/projects pageSize=100
[debug] [2021-09-15T21:16:58.480Z] <<< [apiv2][status] GET https://firebase.googleapis.com/v1beta1/projects 200
[debug] [2021-09-15T21:16:58.480Z] <<< [apiv2][body] GET https://firebase.googleapis.com/v1beta1/projects [omitted]
[info] i  Using project happybday-30b7b (Happybday) 
[info] 
=== Hosting Setup
[info] 
[info] Your public directory is the folder (relative to your project directory) that
[info] will contain Hosting assets to be uploaded with firebase deploy. If you
[info] have a build process for your assets, use your build's output directory.
[info] 
[debug] [2021-09-15T21:17:24.021Z] >>> [apiv2][query] GET https://www.gstatic.com/firebasejs/releases.json [none]
[debug] [2021-09-15T21:17:24.111Z] <<< [apiv2][status] GET https://www.gstatic.com/firebasejs/releases.json 200
[debug] [2021-09-15T21:17:24.112Z] <<< [apiv2][body] GET https://www.gstatic.com/firebasejs/releases.json {"current":{"version":"9.0.2","browserURL":"https://www.gstatic.com/firebasejs/9.0.2/firebase.js","packageURL":"https://www.gstatic.com/firebasejs/9.0.2/firebase.tgz"},"live":{"version":"9.0","browserURL":"https://www.gstatic.com/firebasejs/live/9.0/firebase.js","packageURL":"https://www.gstatic.com/firebasejs/live/9.0/firebase.tgz"},"components":{"analytics":"https://www.gstatic.com/firebasejs/9.0.2/firebase-analytics.js","app":"https://www.gstatic.com/firebasejs/9.0.2/firebase-app.js","app-check":"https://www.gstatic.com/firebasejs/9.0.2/firebase-app-check.js","auth":"https://www.gstatic.com/firebasejs/9.0.2/firebase-auth.js","auth/cordova":"https://www.gstatic.com/firebasejs/9.0.2/firebase-auth/cordova.js","auth/react-native":"https://www.gstatic.com/firebasejs/9.0.2/firebase-auth/react-native.js","functions":"https://www.gstatic.com/firebasejs/9.0.2/firebase-functions.js","firestore":"https://www.gstatic.com/firebasejs/9.0.2/firebase-firestore.js","firestore/lite":"https://www.gstatic.com/firebasejs/9.0.2/firebase-firestore/lite.js","storage":"https://www.gstatic.com/firebasejs/9.0.2/firebase-storage.js","performance":"https://www.gstatic.com/firebasejs/9.0.2/firebase-performance.js","remote-config":"https://www.gstatic.com/firebasejs/9.0.2/firebase-remote-config.js","messaging":"https://www.gstatic.com/firebasejs/9.0.2/firebase-messaging.js","messaging/sw":"https://www.gstatic.com/firebasejs/9.0.2/firebase-messaging/sw.js","database":"https://www.gstatic.com/firebasejs/9.0.2/firebase-database.js","firestore.memory":"https://www.gstatic.com/firebasejs/9.0.2/firebase-firestore.memory.js"}}
[info] +  Wrote (public)/index.html 
[info] 
[info] i  Didn't detect a .git folder. Assuming C:\Users\yuvra\Downloads\happy-birthday-master\happy-birthday-master is the project root. 
[info] i  Authorizing with GitHub to upload your service account to a GitHub repository's secrets store. 
[info] 
[info] Visit this URL on this device to log in:
[info] https://github.com/login/oauth/authorize?client_id=89cf50f02ac6aaed3484&state=809394539&redirect_uri=http%3A%2F%2Flocalhost%3A9005&scope=read%3Auser%20repo%20public_repo
[info] 
[info] Waiting for authentication...
[debug] [2021-09-15T21:17:32.001Z] >>> HTTP REQUEST POST https://github.com/login/oauth/access_token  
 {"client_id":"89cf50f02ac6aaed3484","client_secret":"3330d14abc895d9a74d5f17cd7a00711fa2c5bf0","code":"84f37f291cf6d635b3ba","redirect_uri":"http://localhost:9005","state":"809394539"}
[debug] [2021-09-15T21:17:32.225Z] <<< HTTP RESPONSE 200 {"server":"GitHub.com","date":"Wed, 15 Sep 2021 21:17:30 GMT","content-type":"application/json; charset=utf-8","transfer-encoding":"chunked","vary":"X-PJAX, X-PJAX-Container, Accept-Encoding, Accept, X-Requested-With","permissions-policy":"interest-cohort=()","etag":"W/\"700d1e32027df4904bc57ef609e29796\"","cache-control":"max-age=0, private, must-revalidate","strict-transport-security":"max-age=31536000; includeSubdomains; preload","x-frame-options":"deny","x-content-type-options":"nosniff","x-xss-protection":"0","referrer-policy":"origin-when-cross-origin, strict-origin-when-cross-origin","expect-ct":"max-age=2592000, report-uri=\"https://api.github.com/_private/browser/errors\"","content-security-policy":"default-src 'none'; base-uri 'self'; block-all-mixed-content; connect-src 'self' uploads.github.com www.githubstatus.com collector.githubapp.com api.github.com github-cloud.s3.amazonaws.com github-production-repository-file-5c1aeb.s3.amazonaws.com github-production-upload-manifest-file-7fdce7.s3.amazonaws.com github-production-user-asset-6210df.s3.amazonaws.com cdn.optimizely.com logx.optimizely.com/v1/events translator.github.com wss://alive.github.com; font-src github.githubassets.com; form-action 'self' github.com gist.github.com; frame-ancestors 'none'; frame-src render.githubusercontent.com viewscreen.githubusercontent.com; img-src 'self' data: github.githubassets.com identicons.github.com collector.githubapp.com github-cloud.s3.amazonaws.com secured-user-images.githubusercontent.com/ *.githubusercontent.com; manifest-src 'self'; media-src github.com user-images.githubusercontent.com/; script-src github.githubassets.com; style-src 'unsafe-inline' github.githubassets.com; worker-src github.com/socket-worker-0af8a29d.js gist.github.com/socket-worker-0af8a29d.js","x-github-request-id":"21FB:200A:37D38:6E71D:614262EA"}
[debug] [2021-09-15T21:17:32.228Z] >>> [apiv2][query] GET https://api.github.com/user [none]
[debug] [2021-09-15T21:17:32.594Z] <<< [apiv2][status] GET https://api.github.com/user 200
[debug] [2021-09-15T21:17:32.594Z] <<< [apiv2][body] GET https://api.github.com/user {"login":"yuvrajkhullar","id":30671641,"node_id":"MDQ6VXNlcjMwNjcxNjQx","avatar_url":"https://avatars.githubusercontent.com/u/30671641?v=4","gravatar_id":"","url":"https://api.github.com/users/yuvrajkhullar","html_url":"https://github.com/yuvrajkhullar","followers_url":"https://api.github.com/users/yuvrajkhullar/followers","following_url":"https://api.github.com/users/yuvrajkhullar/following{/other_user}","gists_url":"https://api.github.com/users/yuvrajkhullar/gists{/gist_id}","starred_url":"https://api.github.com/users/yuvrajkhullar/starred{/owner}{/repo}","subscriptions_url":"https://api.github.com/users/yuvrajkhullar/subscriptions","organizations_url":"https://api.github.com/users/yuvrajkhullar/orgs","repos_url":"https://api.github.com/users/yuvrajkhullar/repos","events_url":"https://api.github.com/users/yuvrajkhullar/events{/privacy}","received_events_url":"https://api.github.com/users/yuvrajkhullar/received_events","type":"User","site_admin":false,"name":null,"company":null,"blog":"","location":null,"email":null,"hireable":null,"bio":null,"twitter_username":null,"public_repos":6,"public_gists":0,"followers":1,"following":0,"created_at":"2017-08-02T21:47:36Z","updated_at":"2021-09-04T18:14:25Z","private_gists":0,"total_private_repos":2,"owned_private_repos":2,"disk_usage":3861,"collaborators":0,"two_factor_authentication":true,"plan":{"name":"free","space":976562499,"collaborators":0,"private_repos":10000}}
[info] 
[info] +  Success! Logged into GitHub as yuvrajkhullar 
[info] 
[debug] [2021-09-15T21:17:50.807Z] >>> [apiv2][query] GET https://api.github.com/repos/yuvrajkhullar/bday/actions/secrets/public-key type=owner
[debug] [2021-09-15T21:17:51.000Z] <<< [apiv2][status] GET https://api.github.com/repos/yuvrajkhullar/bday/actions/secrets/public-key 404
[debug] [2021-09-15T21:17:51.000Z] <<< [apiv2][body] GET https://api.github.com/repos/yuvrajkhullar/bday/actions/secrets/public-key {"message":"Not Found","documentation_url":"https://docs.github.com/rest/reference/actions#get-a-repository-public-key"}
